<?xml version="1.0" encoding="UTF-8"?>
<!-- Generated by org.testng.reporters.JUnitXMLReporter -->
<testsuite hostname="MNCTVN05589" name="Default test" tests="4" failures="0" timestamp="27 Aug 2020 04:17:16 GMT" time="88.746" errors="0">
  <testcase name="test_pilar_tampil_menu_footer" time="10.915" classname="testcases.Test_Pilar"/>
  <testcase name="test_pilar_tampil_menu_footer" time="10.594" classname="testcases.Test_Pilar"/>
  <testcase name="test_pilar_tampil_menu_footer" time="9.249" classname="testcases.Test_Pilar"/>
  <testcase name="test_pilar_tak_tampil_menu_footer" time="0.0" classname="testcases.Test_Pilar">
    <skipped/>
  </testcase> <!-- test_pilar_tak_tampil_menu_footer -->
</testsuite> <!-- Default test -->
